{"D:\\projects\\auto-explorer-rpg\\src\\context\\GameContext.tsx": {"path":"D:\\projects\\auto-explorer-rpg\\src\\context\\GameContext.tsx","statementMap":{"0":{"start":{"line":7,"column":40},"end":{"line":24,"column":null}},"1":{"start":{"line":38,"column":6},"end":{"line":38,"column":73}},"2":{"start":{"line":41,"column":32},"end":{"line":58,"column":null}},"3":{"start":{"line":65,"column":13},"end":{"line":128,"column":null}},"4":{"start":{"line":66,"column":22},"end":{"line":66,"column":59}},"5":{"start":{"line":69,"column":22},"end":{"line":69,"column":87}},"6":{"start":{"line":72,"column":10},"end":{"line":72,"column":36}},"7":{"start":{"line":75,"column":4},"end":{"line":88,"column":null}},"8":{"start":{"line":76,"column":8},"end":{"line":86,"column":null}},"9":{"start":{"line":77,"column":38},"end":{"line":77,"column":null}},"10":{"start":{"line":79,"column":12},"end":{"line":79,"column":null}},"11":{"start":{"line":81,"column":12},"end":{"line":81,"column":null}},"12":{"start":{"line":83,"column":12},"end":{"line":86,"column":null}},"13":{"start":{"line":83,"column":34},"end":{"line":86,"column":15}},"14":{"start":{"line":90,"column":42},"end":{"line":90,"column":96}},"15":{"start":{"line":91,"column":34},"end":{"line":91,"column":85}},"16":{"start":{"line":94,"column":4},"end":{"line":96,"column":null}},"17":{"start":{"line":95,"column":8},"end":{"line":95,"column":null}},"18":{"start":{"line":99,"column":4},"end":{"line":108,"column":null}},"19":{"start":{"line":100,"column":22},"end":{"line":106,"column":17}},"20":{"start":{"line":101,"column":12},"end":{"line":105,"column":null}},"21":{"start":{"line":101,"column":34},"end":{"line":105,"column":15}},"22":{"start":{"line":107,"column":8},"end":{"line":107,"column":null}},"23":{"start":{"line":107,"column":21},"end":{"line":107,"column":41}},"24":{"start":{"line":111,"column":10},"end":{"line":112,"column":null}},"25":{"start":{"line":112,"column":8},"end":{"line":112,"column":null}},"26":{"start":{"line":115,"column":4},"end":{"line":128,"column":null}},"27":{"start":{"line":132,"column":13},"end":{"line":135,"column":null}},"28":{"start":{"line":133,"column":10},"end":{"line":133,"column":43}},"29":{"start":{"line":134,"column":4},"end":{"line":134,"column":null}},"30":{"start":{"line":134,"column":18},"end":{"line":134,"column":null}},"31":{"start":{"line":135,"column":4},"end":{"line":135,"column":null}}},"fnMap":{"0":{"name":"(anonymous_0)","decl":{"start":{"line":65,"column":13},"end":{"line":65,"column":29}},"loc":{"start":{"line":65,"column":78},"end":{"line":128,"column":null}},"line":65},"1":{"name":"(anonymous_1)","decl":{"start":{"line":75,"column":4},"end":{"line":75,"column":20}},"loc":{"start":{"line":75,"column":20},"end":{"line":88,"column":8}},"line":75},"2":{"name":"(anonymous_2)","decl":{"start":{"line":83,"column":12},"end":{"line":83,"column":25}},"loc":{"start":{"line":83,"column":34},"end":{"line":86,"column":15}},"line":83},"3":{"name":"(anonymous_3)","decl":{"start":{"line":94,"column":4},"end":{"line":94,"column":20}},"loc":{"start":{"line":94,"column":20},"end":{"line":96,"column":8}},"line":94},"4":{"name":"(anonymous_4)","decl":{"start":{"line":99,"column":4},"end":{"line":99,"column":20}},"loc":{"start":{"line":99,"column":20},"end":{"line":108,"column":9}},"line":99},"5":{"name":"(anonymous_5)","decl":{"start":{"line":100,"column":22},"end":{"line":100,"column":40}},"loc":{"start":{"line":100,"column":40},"end":{"line":106,"column":17}},"line":100},"6":{"name":"(anonymous_6)","decl":{"start":{"line":101,"column":12},"end":{"line":101,"column":25}},"loc":{"start":{"line":101,"column":34},"end":{"line":105,"column":15}},"line":101},"7":{"name":"(anonymous_7)","decl":{"start":{"line":107,"column":8},"end":{"line":107,"column":21}},"loc":{"start":{"line":107,"column":21},"end":{"line":107,"column":41}},"line":107},"8":{"name":"(anonymous_8)","decl":{"start":{"line":111,"column":10},"end":{"line":111,"column":28}},"loc":{"start":{"line":111,"column":48},"end":{"line":112,"column":null}},"line":111},"9":{"name":"(anonymous_9)","decl":{"start":{"line":132,"column":13},"end":{"line":132,"column":29}},"loc":{"start":{"line":132,"column":29},"end":{"line":135,"column":null}},"line":132}},"branchMap":{"0":{"loc":{"start":{"line":69,"column":58},"end":{"line":69,"column":87}},"type":"binary-expr","locations":[{"start":{"line":69,"column":58},"end":{"line":69,"column":73}},{"start":{"line":69,"column":73},"end":{"line":69,"column":87}}],"line":69},"1":{"loc":{"start":{"line":76,"column":8},"end":{"line":86,"column":null}},"type":"if","locations":[{"start":{"line":76,"column":8},"end":{"line":86,"column":null}},{"start":{},"end":{}}],"line":76},"2":{"loc":{"start":{"line":76,"column":12},"end":{"line":76,"column":59}},"type":"binary-expr","locations":[{"start":{"line":76,"column":12},"end":{"line":76,"column":38}},{"start":{"line":76,"column":38},"end":{"line":76,"column":59}}],"line":76},"3":{"loc":{"start":{"line":134,"column":4},"end":{"line":134,"column":null}},"type":"if","locations":[{"start":{"line":134,"column":4},"end":{"line":134,"column":null}},{"start":{},"end":{}}],"line":134}},"s":{"0":2,"1":2,"2":2,"3":2,"4":13,"5":13,"6":13,"7":13,"8":6,"9":0,"10":0,"11":0,"12":0,"13":0,"14":13,"15":13,"16":13,"17":13,"18":13,"19":6,"20":1,"21":1,"22":6,"23":6,"24":13,"25":0,"26":13,"27":2,"28":13,"29":13,"30":0,"31":13},"f":{"0":13,"1":6,"2":0,"3":13,"4":6,"5":1,"6":1,"7":6,"8":0,"9":13},"b":{"0":[13,7],"1":[0,6],"2":[6,0],"3":[0,13]},"meta":{"lastBranch":4,"lastFunction":10,"lastStatement":32,"seen":{"s:7:40:24:Infinity":0,"s:38:6:38:73":1,"s:41:32:58:Infinity":2,"s:65:13:128:Infinity":3,"f:65:13:65:29":0,"s:66:22:66:59":4,"s:69:22:69:87":5,"b:69:58:69:73:69:73:69:87":0,"s:72:10:72:36":6,"s:75:4:88:Infinity":7,"f:75:4:75:20":1,"b:76:8:86:Infinity:undefined:undefined:undefined:undefined":1,"s:76:8:86:Infinity":8,"b:76:12:76:38:76:38:76:59":2,"s:77:38:77:Infinity":9,"s:79:12:79:Infinity":10,"s:81:12:81:Infinity":11,"s:83:12:86:Infinity":12,"f:83:12:83:25":2,"s:83:34:86:15":13,"s:90:42:90:96":14,"s:91:34:91:85":15,"s:94:4:96:Infinity":16,"f:94:4:94:20":3,"s:95:8:95:Infinity":17,"s:99:4:108:Infinity":18,"f:99:4:99:20":4,"s:100:22:106:17":19,"f:100:22:100:40":5,"s:101:12:105:Infinity":20,"f:101:12:101:25":6,"s:101:34:105:15":21,"s:107:8:107:Infinity":22,"f:107:8:107:21":7,"s:107:21:107:41":23,"s:111:10:112:Infinity":24,"f:111:10:111:28":8,"s:112:8:112:Infinity":25,"s:115:4:128:Infinity":26,"s:132:13:135:Infinity":27,"f:132:13:132:29":9,"s:133:10:133:43":28,"b:134:4:134:Infinity:undefined:undefined:undefined:undefined":3,"s:134:4:134:Infinity":29,"s:134:18:134:Infinity":30,"s:135:4:135:Infinity":31}}}
,"D:\\projects\\auto-explorer-rpg\\src\\data\\areas.ts": {"path":"D:\\projects\\auto-explorer-rpg\\src\\data\\areas.ts","statementMap":{"0":{"start":{"line":3,"column":52},"end":{"line":29,"column":null}}},"fnMap":{},"branchMap":{},"s":{"0":2},"f":{},"b":{},"meta":{"lastBranch":0,"lastFunction":0,"lastStatement":1,"seen":{"s:3:52:29:Infinity":0}}}
,"D:\\projects\\auto-explorer-rpg\\src\\data\\items.ts": {"path":"D:\\projects\\auto-explorer-rpg\\src\\data\\items.ts","statementMap":{"0":{"start":{"line":3,"column":43},"end":{"line":27,"column":null}}},"fnMap":{},"branchMap":{},"s":{"0":2},"f":{},"b":{},"meta":{"lastBranch":0,"lastFunction":0,"lastStatement":1,"seen":{"s:3:43:27:Infinity":0}}}
,"D:\\projects\\auto-explorer-rpg\\src\\data\\monsters.ts": {"path":"D:\\projects\\auto-explorer-rpg\\src\\data\\monsters.ts","statementMap":{"0":{"start":{"line":10,"column":54},"end":{"line":19,"column":null}}},"fnMap":{},"branchMap":{},"s":{"0":2},"f":{},"b":{},"meta":{"lastBranch":0,"lastFunction":0,"lastStatement":1,"seen":{"s:10:54:19:Infinity":0}}}
,"D:\\projects\\auto-explorer-rpg\\src\\data\\weapons.ts": {"path":"D:\\projects\\auto-explorer-rpg\\src\\data\\weapons.ts","statementMap":{"0":{"start":{"line":11,"column":50},"end":{"line":36,"column":null}}},"fnMap":{},"branchMap":{},"s":{"0":2},"f":{},"b":{},"meta":{"lastBranch":0,"lastFunction":0,"lastStatement":1,"seen":{"s:11:50:36:Infinity":0}}}
,"D:\\projects\\auto-explorer-rpg\\src\\hooks\\useExpedition.ts": {"path":"D:\\projects\\auto-explorer-rpg\\src\\hooks\\useExpedition.ts","statementMap":{"0":{"start":{"line":7,"column":35},"end":{"line":7,"column":null}},"1":{"start":{"line":8,"column":34},"end":{"line":8,"column":null}},"2":{"start":{"line":9,"column":42},"end":{"line":9,"column":null}},"3":{"start":{"line":10,"column":29},"end":{"line":10,"column":null}},"4":{"start":{"line":12,"column":13},"end":{"line":115,"column":null}},"5":{"start":{"line":15,"column":10},"end":{"line":33,"column":null}},"6":{"start":{"line":16,"column":8},"end":{"line":16,"column":null}},"7":{"start":{"line":16,"column":40},"end":{"line":16,"column":null}},"8":{"start":{"line":18,"column":32},"end":{"line":18,"column":null}},"9":{"start":{"line":20,"column":42},"end":{"line":26,"column":null}},"10":{"start":{"line":28,"column":8},"end":{"line":33,"column":null}},"11":{"start":{"line":28,"column":30},"end":{"line":33,"column":11}},"12":{"start":{"line":37,"column":10},"end":{"line":105,"column":22}},"13":{"start":{"line":38,"column":8},"end":{"line":104,"column":null}},"14":{"start":{"line":39,"column":41},"end":{"line":39,"column":null}},"15":{"start":{"line":41,"column":12},"end":{"line":41,"column":null}},"16":{"start":{"line":41,"column":35},"end":{"line":41,"column":null}},"17":{"start":{"line":43,"column":24},"end":{"line":43,"column":34}},"18":{"start":{"line":44,"column":12},"end":{"line":45,"column":null}},"19":{"start":{"line":45,"column":16},"end":{"line":45,"column":null}},"20":{"start":{"line":49,"column":25},"end":{"line":49,"column":86}},"21":{"start":{"line":49,"column":53},"end":{"line":49,"column":86}},"22":{"start":{"line":50,"column":12},"end":{"line":52,"column":null}},"23":{"start":{"line":52,"column":16},"end":{"line":52,"column":null}},"24":{"start":{"line":55,"column":33},"end":{"line":55,"column":null}},"25":{"start":{"line":58,"column":33},"end":{"line":58,"column":null}},"26":{"start":{"line":60,"column":36},"end":{"line":60,"column":null}},"27":{"start":{"line":61,"column":32},"end":{"line":61,"column":null}},"28":{"start":{"line":63,"column":38},"end":{"line":63,"column":null}},"29":{"start":{"line":64,"column":57},"end":{"line":64,"column":59}},"30":{"start":{"line":66,"column":31},"end":{"line":66,"column":67}},"31":{"start":{"line":67,"column":12},"end":{"line":72,"column":null}},"32":{"start":{"line":67,"column":25},"end":{"line":67,"column":28}},"33":{"start":{"line":68,"column":16},"end":{"line":72,"column":null}},"34":{"start":{"line":69,"column":36},"end":{"line":69,"column":null}},"35":{"start":{"line":70,"column":20},"end":{"line":72,"column":null}},"36":{"start":{"line":71,"column":24},"end":{"line":71,"column":null}},"37":{"start":{"line":72,"column":24},"end":{"line":72,"column":null}},"38":{"start":{"line":77,"column":37},"end":{"line":80,"column":15}},"39":{"start":{"line":77,"column":87},"end":{"line":80,"column":15}},"40":{"start":{"line":82,"column":31},"end":{"line":82,"column":75}},"41":{"start":{"line":84,"column":41},"end":{"line":84,"column":43}},"42":{"start":{"line":85,"column":12},"end":{"line":89,"column":null}},"43":{"start":{"line":86,"column":16},"end":{"line":87,"column":null}},"44":{"start":{"line":87,"column":20},"end":{"line":87,"column":null}},"45":{"start":{"line":91,"column":12},"end":{"line":103,"column":null}},"46":{"start":{"line":107,"column":10},"end":{"line":112,"column":null}},"47":{"start":{"line":108,"column":8},"end":{"line":112,"column":null}},"48":{"start":{"line":108,"column":30},"end":{"line":112,"column":11}},"49":{"start":{"line":115,"column":4},"end":{"line":115,"column":null}}},"fnMap":{"0":{"name":"(anonymous_0)","decl":{"start":{"line":12,"column":13},"end":{"line":12,"column":30}},"loc":{"start":{"line":12,"column":118},"end":{"line":115,"column":null}},"line":12},"1":{"name":"(anonymous_1)","decl":{"start":{"line":15,"column":10},"end":{"line":15,"column":29}},"loc":{"start":{"line":15,"column":87},"end":{"line":33,"column":null}},"line":15},"2":{"name":"(anonymous_2)","decl":{"start":{"line":28,"column":8},"end":{"line":28,"column":21}},"loc":{"start":{"line":28,"column":30},"end":{"line":33,"column":11}},"line":28},"3":{"name":"(anonymous_3)","decl":{"start":{"line":37,"column":24},"end":{"line":37,"column":42}},"loc":{"start":{"line":37,"column":42},"end":{"line":105,"column":8}},"line":37},"4":{"name":"(anonymous_4)","decl":{"start":{"line":38,"column":8},"end":{"line":38,"column":21}},"loc":{"start":{"line":38,"column":29},"end":{"line":104,"column":null}},"line":38},"5":{"name":"(anonymous_5)","decl":{"start":{"line":49,"column":43},"end":{"line":49,"column":48}},"loc":{"start":{"line":49,"column":53},"end":{"line":49,"column":86}},"line":49},"6":{"name":"(anonymous_6)","decl":{"start":{"line":77,"column":65},"end":{"line":77,"column":70}},"loc":{"start":{"line":77,"column":87},"end":{"line":80,"column":15}},"line":77},"7":{"name":"(anonymous_7)","decl":{"start":{"line":85,"column":23},"end":{"line":85,"column":31}},"loc":{"start":{"line":85,"column":39},"end":{"line":89,"column":null}},"line":85},"8":{"name":"(anonymous_8)","decl":{"start":{"line":107,"column":10},"end":{"line":107,"column":30}},"loc":{"start":{"line":107,"column":30},"end":{"line":112,"column":null}},"line":107},"9":{"name":"(anonymous_9)","decl":{"start":{"line":108,"column":8},"end":{"line":108,"column":21}},"loc":{"start":{"line":108,"column":30},"end":{"line":112,"column":11}},"line":108}},"branchMap":{"0":{"loc":{"start":{"line":16,"column":8},"end":{"line":16,"column":null}},"type":"if","locations":[{"start":{"line":16,"column":8},"end":{"line":16,"column":null}},{"start":{},"end":{}}],"line":16},"1":{"loc":{"start":{"line":41,"column":12},"end":{"line":41,"column":null}},"type":"if","locations":[{"start":{"line":41,"column":12},"end":{"line":41,"column":null}},{"start":{},"end":{}}],"line":41},"2":{"loc":{"start":{"line":44,"column":12},"end":{"line":45,"column":null}},"type":"if","locations":[{"start":{"line":44,"column":12},"end":{"line":45,"column":null}},{"start":{},"end":{}}],"line":44},"3":{"loc":{"start":{"line":50,"column":12},"end":{"line":52,"column":null}},"type":"if","locations":[{"start":{"line":50,"column":12},"end":{"line":52,"column":null}},{"start":{},"end":{}}],"line":50},"4":{"loc":{"start":{"line":55,"column":33},"end":{"line":55,"column":null}},"type":"binary-expr","locations":[{"start":{"line":55,"column":33},"end":{"line":55,"column":70}},{"start":{"line":55,"column":70},"end":{"line":55,"column":null}}],"line":55},"5":{"loc":{"start":{"line":58,"column":33},"end":{"line":58,"column":null}},"type":"cond-expr","locations":[{"start":{"line":58,"column":57},"end":{"line":58,"column":97}},{"start":{"line":58,"column":97},"end":{"line":58,"column":null}}],"line":58},"6":{"loc":{"start":{"line":68,"column":16},"end":{"line":72,"column":null}},"type":"if","locations":[{"start":{"line":68,"column":16},"end":{"line":72,"column":null}},{"start":{},"end":{}}],"line":68},"7":{"loc":{"start":{"line":69,"column":36},"end":{"line":69,"column":null}},"type":"binary-expr","locations":[{"start":{"line":69,"column":36},"end":{"line":69,"column":101}},{"start":{"line":69,"column":101},"end":{"line":69,"column":null}}],"line":69},"8":{"loc":{"start":{"line":70,"column":20},"end":{"line":72,"column":null}},"type":"if","locations":[{"start":{"line":70,"column":20},"end":{"line":72,"column":null}},{"start":{},"end":{}}],"line":70},"9":{"loc":{"start":{"line":71,"column":51},"end":{"line":71,"column":83}},"type":"binary-expr","locations":[{"start":{"line":71,"column":51},"end":{"line":71,"column":78}},{"start":{"line":71,"column":78},"end":{"line":71,"column":83}}],"line":71},"10":{"loc":{"start":{"line":86,"column":16},"end":{"line":87,"column":null}},"type":"if","locations":[{"start":{"line":86,"column":16},"end":{"line":87,"column":null}},{"start":{},"end":{}}],"line":86}},"s":{"0":2,"1":2,"2":2,"3":2,"4":2,"5":20,"6":2,"7":0,"8":2,"9":2,"10":2,"11":2,"12":20,"13":2,"14":2,"15":2,"16":0,"17":2,"18":2,"19":1,"20":1,"21":1,"22":1,"23":0,"24":1,"25":2,"26":2,"27":2,"28":2,"29":2,"30":2,"31":2,"32":2,"33":1,"34":0,"35":0,"36":0,"37":0,"38":1,"39":0,"40":1,"41":1,"42":1,"43":2,"44":1,"45":1,"46":20,"47":0,"48":0,"49":20},"f":{"0":20,"1":2,"2":2,"3":2,"4":2,"5":1,"6":0,"7":2,"8":0,"9":0},"b":{"0":[0,2],"1":[0,2],"2":[1,1],"3":[0,1],"4":[1,0],"5":[0,1],"6":[0,1],"7":[0,0],"8":[0,0],"9":[0,0],"10":[1,1]},"meta":{"lastBranch":11,"lastFunction":10,"lastStatement":50,"seen":{"s:7:35:7:Infinity":0,"s:8:34:8:Infinity":1,"s:9:42:9:Infinity":2,"s:10:29:10:Infinity":3,"s:12:13:115:Infinity":4,"f:12:13:12:30":0,"s:15:10:33:Infinity":5,"f:15:10:15:29":1,"b:16:8:16:Infinity:undefined:undefined:undefined:undefined":0,"s:16:8:16:Infinity":6,"s:16:40:16:Infinity":7,"s:18:32:18:Infinity":8,"s:20:42:26:Infinity":9,"s:28:8:33:Infinity":10,"f:28:8:28:21":2,"s:28:30:33:11":11,"s:37:10:105:22":12,"f:37:24:37:42":3,"s:38:8:104:Infinity":13,"f:38:8:38:21":4,"s:39:41:39:Infinity":14,"b:41:12:41:Infinity:undefined:undefined:undefined:undefined":1,"s:41:12:41:Infinity":15,"s:41:35:41:Infinity":16,"s:43:24:43:34":17,"b:44:12:45:Infinity:undefined:undefined:undefined:undefined":2,"s:44:12:45:Infinity":18,"s:45:16:45:Infinity":19,"s:49:25:49:86":20,"f:49:43:49:48":5,"s:49:53:49:86":21,"b:50:12:52:Infinity:undefined:undefined:undefined:undefined":3,"s:50:12:52:Infinity":22,"s:52:16:52:Infinity":23,"s:55:33:55:Infinity":24,"b:55:33:55:70:55:70:55:Infinity":4,"s:58:33:58:Infinity":25,"b:58:57:58:97:58:97:58:Infinity":5,"s:60:36:60:Infinity":26,"s:61:32:61:Infinity":27,"s:63:38:63:Infinity":28,"s:64:57:64:59":29,"s:66:31:66:67":30,"s:67:12:72:Infinity":31,"s:67:25:67:28":32,"b:68:16:72:Infinity:undefined:undefined:undefined:undefined":6,"s:68:16:72:Infinity":33,"s:69:36:69:Infinity":34,"b:69:36:69:101:69:101:69:Infinity":7,"b:70:20:72:Infinity:undefined:undefined:undefined:undefined":8,"s:70:20:72:Infinity":35,"s:71:24:71:Infinity":36,"b:71:51:71:78:71:78:71:83":9,"s:72:24:72:Infinity":37,"s:77:37:80:15":38,"f:77:65:77:70":6,"s:77:87:80:15":39,"s:82:31:82:75":40,"s:84:41:84:43":41,"s:85:12:89:Infinity":42,"f:85:23:85:31":7,"b:86:16:87:Infinity:undefined:undefined:undefined:undefined":10,"s:86:16:87:Infinity":43,"s:87:20:87:Infinity":44,"s:91:12:103:Infinity":45,"s:107:10:112:Infinity":46,"f:107:10:107:30":8,"s:108:8:112:Infinity":47,"f:108:8:108:21":9,"s:108:30:112:11":48,"s:115:4:115:Infinity":49}}}
,"D:\\projects\\auto-explorer-rpg\\src\\hooks\\useGameActions.ts": {"path":"D:\\projects\\auto-explorer-rpg\\src\\hooks\\useGameActions.ts","statementMap":{"0":{"start":{"line":4,"column":13},"end":{"line":70,"column":null}},"1":{"start":{"line":10,"column":10},"end":{"line":22,"column":null}},"2":{"start":{"line":11,"column":21},"end":{"line":11,"column":null}},"3":{"start":{"line":12,"column":26},"end":{"line":12,"column":61}},"4":{"start":{"line":13,"column":8},"end":{"line":13,"column":null}},"5":{"start":{"line":13,"column":39},"end":{"line":13,"column":null}},"6":{"start":{"line":15,"column":29},"end":{"line":15,"column":53}},"7":{"start":{"line":16,"column":8},"end":{"line":16,"column":null}},"8":{"start":{"line":18,"column":8},"end":{"line":22,"column":null}},"9":{"start":{"line":18,"column":30},"end":{"line":22,"column":11}},"10":{"start":{"line":26,"column":10},"end":{"line":51,"column":null}},"11":{"start":{"line":27,"column":21},"end":{"line":27,"column":null}},"12":{"start":{"line":28,"column":26},"end":{"line":28,"column":61}},"13":{"start":{"line":30,"column":8},"end":{"line":30,"column":null}},"14":{"start":{"line":30,"column":55},"end":{"line":30,"column":null}},"15":{"start":{"line":33,"column":29},"end":{"line":33,"column":53}},"16":{"start":{"line":34,"column":8},"end":{"line":34,"column":null}},"17":{"start":{"line":37,"column":8},"end":{"line":49,"column":null}},"18":{"start":{"line":38,"column":30},"end":{"line":41,"column":null}},"19":{"start":{"line":43,"column":12},"end":{"line":45,"column":null}},"20":{"start":{"line":45,"column":16},"end":{"line":45,"column":null}},"21":{"start":{"line":48,"column":12},"end":{"line":48,"column":null}},"22":{"start":{"line":51,"column":8},"end":{"line":51,"column":null}},"23":{"start":{"line":55,"column":10},"end":{"line":66,"column":null}},"24":{"start":{"line":56,"column":14},"end":{"line":56,"column":null}},"25":{"start":{"line":57,"column":8},"end":{"line":66,"column":null}},"26":{"start":{"line":58,"column":12},"end":{"line":63,"column":null}},"27":{"start":{"line":58,"column":34},"end":{"line":63,"column":15}},"28":{"start":{"line":64,"column":12},"end":{"line":64,"column":null}},"29":{"start":{"line":66,"column":12},"end":{"line":66,"column":null}},"30":{"start":{"line":70,"column":4},"end":{"line":70,"column":null}}},"fnMap":{"0":{"name":"(anonymous_0)","decl":{"start":{"line":4,"column":13},"end":{"line":4,"column":null}},"loc":{"start":{"line":7,"column":5},"end":{"line":70,"column":null}},"line":7},"1":{"name":"(anonymous_1)","decl":{"start":{"line":10,"column":10},"end":{"line":10,"column":22}},"loc":{"start":{"line":10,"column":41},"end":{"line":22,"column":null}},"line":10},"2":{"name":"(anonymous_2)","decl":{"start":{"line":18,"column":8},"end":{"line":18,"column":21}},"loc":{"start":{"line":18,"column":30},"end":{"line":22,"column":11}},"line":18},"3":{"name":"(anonymous_3)","decl":{"start":{"line":26,"column":10},"end":{"line":26,"column":21}},"loc":{"start":{"line":26,"column":39},"end":{"line":51,"column":null}},"line":26},"4":{"name":"(anonymous_4)","decl":{"start":{"line":37,"column":8},"end":{"line":37,"column":21}},"loc":{"start":{"line":37,"column":29},"end":{"line":49,"column":null}},"line":37},"5":{"name":"(anonymous_5)","decl":{"start":{"line":55,"column":10},"end":{"line":55,"column":29}},"loc":{"start":{"line":55,"column":29},"end":{"line":66,"column":null}},"line":55},"6":{"name":"(anonymous_6)","decl":{"start":{"line":58,"column":12},"end":{"line":58,"column":25}},"loc":{"start":{"line":58,"column":34},"end":{"line":63,"column":15}},"line":58}},"branchMap":{"0":{"loc":{"start":{"line":13,"column":8},"end":{"line":13,"column":null}},"type":"if","locations":[{"start":{"line":13,"column":8},"end":{"line":13,"column":null}},{"start":{},"end":{}}],"line":13},"1":{"loc":{"start":{"line":13,"column":12},"end":{"line":13,"column":39}},"type":"binary-expr","locations":[{"start":{"line":13,"column":12},"end":{"line":13,"column":21}},{"start":{"line":13,"column":21},"end":{"line":13,"column":39}}],"line":13},"2":{"loc":{"start":{"line":30,"column":8},"end":{"line":30,"column":null}},"type":"if","locations":[{"start":{"line":30,"column":8},"end":{"line":30,"column":null}},{"start":{},"end":{}}],"line":30},"3":{"loc":{"start":{"line":30,"column":12},"end":{"line":30,"column":55}},"type":"binary-expr","locations":[{"start":{"line":30,"column":12},"end":{"line":30,"column":21}},{"start":{"line":30,"column":21},"end":{"line":30,"column":41}},{"start":{"line":30,"column":41},"end":{"line":30,"column":55}}],"line":30},"4":{"loc":{"start":{"line":43,"column":12},"end":{"line":45,"column":null}},"type":"if","locations":[{"start":{"line":43,"column":12},"end":{"line":45,"column":null}},{"start":{},"end":{}}],"line":43},"5":{"loc":{"start":{"line":43,"column":16},"end":{"line":43,"column":66}},"type":"binary-expr","locations":[{"start":{"line":43,"column":16},"end":{"line":43,"column":31}},{"start":{"line":43,"column":31},"end":{"line":43,"column":66}}],"line":43},"6":{"loc":{"start":{"line":57,"column":8},"end":{"line":66,"column":null}},"type":"if","locations":[{"start":{"line":57,"column":8},"end":{"line":66,"column":null}},{"start":{"line":65,"column":15},"end":{"line":66,"column":null}}],"line":57}},"s":{"0":2,"1":13,"2":0,"3":0,"4":0,"5":0,"6":0,"7":0,"8":0,"9":0,"10":13,"11":0,"12":0,"13":0,"14":0,"15":0,"16":0,"17":0,"18":0,"19":0,"20":0,"21":0,"22":0,"23":13,"24":0,"25":0,"26":0,"27":0,"28":0,"29":0,"30":13},"f":{"0":13,"1":0,"2":0,"3":0,"4":0,"5":0,"6":0},"b":{"0":[0,0],"1":[0,0],"2":[0,0],"3":[0,0,0],"4":[0,0],"5":[0,0],"6":[0,0]},"meta":{"lastBranch":7,"lastFunction":7,"lastStatement":31,"seen":{"s:4:13:70:Infinity":0,"f:4:13:4:Infinity":0,"s:10:10:22:Infinity":1,"f:10:10:10:22":1,"s:11:21:11:Infinity":2,"s:12:26:12:61":3,"b:13:8:13:Infinity:undefined:undefined:undefined:undefined":0,"s:13:8:13:Infinity":4,"b:13:12:13:21:13:21:13:39":1,"s:13:39:13:Infinity":5,"s:15:29:15:53":6,"s:16:8:16:Infinity":7,"s:18:8:22:Infinity":8,"f:18:8:18:21":2,"s:18:30:22:11":9,"s:26:10:51:Infinity":10,"f:26:10:26:21":3,"s:27:21:27:Infinity":11,"s:28:26:28:61":12,"b:30:8:30:Infinity:undefined:undefined:undefined:undefined":2,"s:30:8:30:Infinity":13,"b:30:12:30:21:30:21:30:41:30:41:30:55":3,"s:30:55:30:Infinity":14,"s:33:29:33:53":15,"s:34:8:34:Infinity":16,"s:37:8:49:Infinity":17,"f:37:8:37:21":4,"s:38:30:41:Infinity":18,"b:43:12:45:Infinity:undefined:undefined:undefined:undefined":4,"s:43:12:45:Infinity":19,"b:43:16:43:31:43:31:43:66":5,"s:45:16:45:Infinity":20,"s:48:12:48:Infinity":21,"s:51:8:51:Infinity":22,"s:55:10:66:Infinity":23,"f:55:10:55:29":5,"s:56:14:56:Infinity":24,"b:57:8:66:Infinity:65:15:66:Infinity":6,"s:57:8:66:Infinity":25,"s:58:12:63:Infinity":26,"f:58:12:58:25":6,"s:58:34:63:15":27,"s:64:12:64:Infinity":28,"s:66:12:66:Infinity":29,"s:70:4:70:Infinity":30}}}
,"D:\\projects\\auto-explorer-rpg\\src\\hooks\\useStorage.ts": {"path":"D:\\projects\\auto-explorer-rpg\\src\\hooks\\useStorage.ts","statementMap":{"0":{"start":{"line":3,"column":13},"end":{"line":66,"column":null}},"1":{"start":{"line":4,"column":21},"end":{"line":4,"column":null}},"2":{"start":{"line":7,"column":10},"end":{"line":48,"column":null}},"3":{"start":{"line":8,"column":22},"end":{"line":8,"column":52}},"4":{"start":{"line":9,"column":8},"end":{"line":12,"column":null}},"5":{"start":{"line":9,"column":20},"end":{"line":12,"column":null}},"6":{"start":{"line":14,"column":8},"end":{"line":48,"column":null}},"7":{"start":{"line":15,"column":27},"end":{"line":15,"column":44}},"8":{"start":{"line":16,"column":35},"end":{"line":19,"column":null}},"9":{"start":{"line":22,"column":24},"end":{"line":22,"column":34}},"10":{"start":{"line":23,"column":31},"end":{"line":23,"column":null}},"11":{"start":{"line":24,"column":39},"end":{"line":24,"column":83}},"12":{"start":{"line":26,"column":12},"end":{"line":37,"column":null}},"13":{"start":{"line":28,"column":44},"end":{"line":28,"column":null}},"14":{"start":{"line":29,"column":37},"end":{"line":29,"column":86}},"15":{"start":{"line":30,"column":35},"end":{"line":30,"column":null}},"16":{"start":{"line":31,"column":16},"end":{"line":37,"column":null}},"17":{"start":{"line":32,"column":20},"end":{"line":32,"column":null}},"18":{"start":{"line":34,"column":20},"end":{"line":37,"column":null}},"19":{"start":{"line":42,"column":12},"end":{"line":45,"column":null}},"20":{"start":{"line":47,"column":12},"end":{"line":47,"column":null}},"21":{"start":{"line":48,"column":12},"end":{"line":48,"column":null}},"22":{"start":{"line":53,"column":10},"end":{"line":63,"column":null}},"23":{"start":{"line":55,"column":48},"end":{"line":55,"column":null}},"24":{"start":{"line":58,"column":26},"end":{"line":61,"column":null}},"25":{"start":{"line":63,"column":8},"end":{"line":63,"column":null}},"26":{"start":{"line":66,"column":4},"end":{"line":66,"column":null}}},"fnMap":{"0":{"name":"(anonymous_0)","decl":{"start":{"line":3,"column":13},"end":{"line":3,"column":27}},"loc":{"start":{"line":3,"column":55},"end":{"line":66,"column":null}},"line":3},"1":{"name":"(anonymous_1)","decl":{"start":{"line":7,"column":10},"end":{"line":7,"column":38}},"loc":{"start":{"line":7,"column":38},"end":{"line":48,"column":null}},"line":7},"2":{"name":"(anonymous_2)","decl":{"start":{"line":53,"column":10},"end":{"line":53,"column":22}},"loc":{"start":{"line":53,"column":43},"end":{"line":63,"column":null}},"line":53}},"branchMap":{"0":{"loc":{"start":{"line":9,"column":8},"end":{"line":12,"column":null}},"type":"if","locations":[{"start":{"line":9,"column":8},"end":{"line":12,"column":null}},{"start":{},"end":{}}],"line":9},"1":{"loc":{"start":{"line":23,"column":31},"end":{"line":23,"column":null}},"type":"binary-expr","locations":[{"start":{"line":23,"column":31},"end":{"line":23,"column":50}},{"start":{"line":23,"column":50},"end":{"line":23,"column":null}}],"line":23},"2":{"loc":{"start":{"line":26,"column":12},"end":{"line":37,"column":null}},"type":"if","locations":[{"start":{"line":26,"column":12},"end":{"line":37,"column":null}},{"start":{},"end":{}}],"line":26},"3":{"loc":{"start":{"line":31,"column":16},"end":{"line":37,"column":null}},"type":"if","locations":[{"start":{"line":31,"column":16},"end":{"line":37,"column":null}},{"start":{},"end":{}}],"line":31}},"s":{"0":2,"1":13,"2":13,"3":0,"4":0,"5":0,"6":0,"7":0,"8":0,"9":0,"10":0,"11":0,"12":0,"13":0,"14":0,"15":0,"16":0,"17":0,"18":0,"19":0,"20":0,"21":0,"22":13,"23":13,"24":13,"25":13,"26":13},"f":{"0":13,"1":0,"2":13},"b":{"0":[0,0],"1":[0,0],"2":[0,0],"3":[0,0]},"meta":{"lastBranch":4,"lastFunction":3,"lastStatement":27,"seen":{"s:3:13:66:Infinity":0,"f:3:13:3:27":0,"s:4:21:4:Infinity":1,"s:7:10:48:Infinity":2,"f:7:10:7:38":1,"s:8:22:8:52":3,"b:9:8:12:Infinity:undefined:undefined:undefined:undefined":0,"s:9:8:12:Infinity":4,"s:9:20:12:Infinity":5,"s:14:8:48:Infinity":6,"s:15:27:15:44":7,"s:16:35:19:Infinity":8,"s:22:24:22:34":9,"s:23:31:23:Infinity":10,"b:23:31:23:50:23:50:23:Infinity":1,"s:24:39:24:83":11,"b:26:12:37:Infinity:undefined:undefined:undefined:undefined":2,"s:26:12:37:Infinity":12,"s:28:44:28:Infinity":13,"s:29:37:29:86":14,"s:30:35:30:Infinity":15,"b:31:16:37:Infinity:undefined:undefined:undefined:undefined":3,"s:31:16:37:Infinity":16,"s:32:20:32:Infinity":17,"s:34:20:37:Infinity":18,"s:42:12:45:Infinity":19,"s:47:12:47:Infinity":20,"s:48:12:48:Infinity":21,"s:53:10:63:Infinity":22,"f:53:10:53:22":2,"s:55:48:55:Infinity":23,"s:58:26:61:Infinity":24,"s:63:8:63:Infinity":25,"s:66:4:66:Infinity":26}}}
,"D:\\projects\\auto-explorer-rpg\\src\\hooks\\useWeapons.ts": {"path":"D:\\projects\\auto-explorer-rpg\\src\\hooks\\useWeapons.ts","statementMap":{"0":{"start":{"line":4,"column":13},"end":{"line":44,"column":null}},"1":{"start":{"line":5,"column":23},"end":{"line":5,"column":49}},"2":{"start":{"line":8,"column":10},"end":{"line":23,"column":null}},"3":{"start":{"line":9,"column":23},"end":{"line":9,"column":null}},"4":{"start":{"line":10,"column":8},"end":{"line":10,"column":null}},"5":{"start":{"line":10,"column":54},"end":{"line":10,"column":null}},"6":{"start":{"line":11,"column":8},"end":{"line":11,"column":null}},"7":{"start":{"line":11,"column":57},"end":{"line":11,"column":null}},"8":{"start":{"line":13,"column":8},"end":{"line":21,"column":null}},"9":{"start":{"line":13,"column":30},"end":{"line":21,"column":11}},"10":{"start":{"line":23,"column":8},"end":{"line":23,"column":null}},"11":{"start":{"line":27,"column":10},"end":{"line":32,"column":null}},"12":{"start":{"line":28,"column":8},"end":{"line":28,"column":null}},"13":{"start":{"line":28,"column":58},"end":{"line":28,"column":null}},"14":{"start":{"line":29,"column":8},"end":{"line":32,"column":null}},"15":{"start":{"line":29,"column":30},"end":{"line":32,"column":11}},"16":{"start":{"line":36,"column":27},"end":{"line":36,"column":null}},"17":{"start":{"line":38,"column":4},"end":{"line":44,"column":null}}},"fnMap":{"0":{"name":"(anonymous_0)","decl":{"start":{"line":4,"column":13},"end":{"line":4,"column":32}},"loc":{"start":{"line":4,"column":32},"end":{"line":44,"column":null}},"line":4},"1":{"name":"(anonymous_1)","decl":{"start":{"line":8,"column":10},"end":{"line":8,"column":23}},"loc":{"start":{"line":8,"column":44},"end":{"line":23,"column":null}},"line":8},"2":{"name":"(anonymous_2)","decl":{"start":{"line":13,"column":8},"end":{"line":13,"column":21}},"loc":{"start":{"line":13,"column":30},"end":{"line":21,"column":11}},"line":13},"3":{"name":"(anonymous_3)","decl":{"start":{"line":27,"column":10},"end":{"line":27,"column":25}},"loc":{"start":{"line":27,"column":46},"end":{"line":32,"column":null}},"line":27},"4":{"name":"(anonymous_4)","decl":{"start":{"line":29,"column":8},"end":{"line":29,"column":21}},"loc":{"start":{"line":29,"column":30},"end":{"line":32,"column":11}},"line":29}},"branchMap":{"0":{"loc":{"start":{"line":10,"column":8},"end":{"line":10,"column":null}},"type":"if","locations":[{"start":{"line":10,"column":8},"end":{"line":10,"column":null}},{"start":{},"end":{}}],"line":10},"1":{"loc":{"start":{"line":10,"column":12},"end":{"line":10,"column":54}},"type":"binary-expr","locations":[{"start":{"line":10,"column":12},"end":{"line":10,"column":23}},{"start":{"line":10,"column":23},"end":{"line":10,"column":54}}],"line":10},"2":{"loc":{"start":{"line":11,"column":8},"end":{"line":11,"column":null}},"type":"if","locations":[{"start":{"line":11,"column":8},"end":{"line":11,"column":null}},{"start":{},"end":{}}],"line":11},"3":{"loc":{"start":{"line":28,"column":8},"end":{"line":28,"column":null}},"type":"if","locations":[{"start":{"line":28,"column":8},"end":{"line":28,"column":null}},{"start":{},"end":{}}],"line":28},"4":{"loc":{"start":{"line":36,"column":27},"end":{"line":36,"column":null}},"type":"cond-expr","locations":[{"start":{"line":36,"column":56},"end":{"line":36,"column":94}},{"start":{"line":36,"column":94},"end":{"line":36,"column":null}}],"line":36},"5":{"loc":{"start":{"line":42,"column":24},"end":{"line":42,"column":54}},"type":"binary-expr","locations":[{"start":{"line":42,"column":24},"end":{"line":42,"column":52}},{"start":{"line":42,"column":52},"end":{"line":42,"column":54}}],"line":42}},"s":{"0":1,"1":6,"2":6,"3":4,"4":4,"5":1,"6":3,"7":1,"8":2,"9":2,"10":2,"11":6,"12":0,"13":0,"14":0,"15":0,"16":6,"17":6},"f":{"0":6,"1":4,"2":2,"3":0,"4":0},"b":{"0":[1,3],"1":[4,3],"2":[1,2],"3":[0,0],"4":[2,4],"5":[6,0]},"meta":{"lastBranch":6,"lastFunction":5,"lastStatement":18,"seen":{"s:4:13:44:Infinity":0,"f:4:13:4:32":0,"s:5:23:5:49":1,"s:8:10:23:Infinity":2,"f:8:10:8:23":1,"s:9:23:9:Infinity":3,"b:10:8:10:Infinity:undefined:undefined:undefined:undefined":0,"s:10:8:10:Infinity":4,"b:10:12:10:23:10:23:10:54":1,"s:10:54:10:Infinity":5,"b:11:8:11:Infinity:undefined:undefined:undefined:undefined":2,"s:11:8:11:Infinity":6,"s:11:57:11:Infinity":7,"s:13:8:21:Infinity":8,"f:13:8:13:21":2,"s:13:30:21:11":9,"s:23:8:23:Infinity":10,"s:27:10:32:Infinity":11,"f:27:10:27:25":3,"b:28:8:28:Infinity:undefined:undefined:undefined:undefined":3,"s:28:8:28:Infinity":12,"s:28:58:28:Infinity":13,"s:29:8:32:Infinity":14,"f:29:8:29:21":4,"s:29:30:32:11":15,"s:36:27:36:Infinity":16,"b:36:56:36:94:36:94:36:Infinity":4,"s:38:4:44:Infinity":17,"b:42:24:42:52:42:52:42:54":5}}}
}
